2025-07-27T11:39:13.045+03:00  INFO 172127 --- [main] c.h.a.c.CustomScannersServiceApplication : Starting CustomScannersServiceApplication v1.1.0 using Java 22.0.2 with PID 172127 (/home/null/.vscode/extensions/hcltechnologies.hclappscancodesweep-1.4.0/lib/custom-scanners-service-1.1.0.jar started by null in /home/null/projects/sfs/Workshops/csharp/ssrf/SsrfDemo)
2025-07-27T11:39:13.056+03:00  INFO 172127 --- [main] c.h.a.c.CustomScannersServiceApplication : No active profile set, falling back to 1 default profile: "default"
2025-07-27T11:39:17.573+03:00  INFO 172127 --- [main] o.s.b.w.embedded.tomcat.TomcatWebServer  : Tomcat initialized with port 9221 (http)
2025-07-27T11:39:17.635+03:00  INFO 172127 --- [main] o.apache.catalina.core.StandardService   : Starting service [Tomcat]
2025-07-27T11:39:17.635+03:00  INFO 172127 --- [main] o.apache.catalina.core.StandardEngine    : Starting Servlet engine: [Apache Tomcat/10.1.40]
2025-07-27T11:39:17.793+03:00  INFO 172127 --- [main] o.a.c.c.C.[Tomcat].[localhost].[/]       : Initializing Spring embedded WebApplicationContext
2025-07-27T11:39:17.799+03:00  INFO 172127 --- [main] w.s.c.ServletWebServerApplicationContext : Root WebApplicationContext: initialization completed in 4107 ms
2025-07-27T11:39:18.422+03:00 DEBUG 172127 --- [main] o.s.b.w.s.ServletContextInitializerBeans : Mapping filters: webMvcObservationFilter urls=[/*] order=-2147483647, characterEncodingFilter urls=[/*] order=-2147483648, formContentFilter urls=[/*] order=-9900, requestContextFilter urls=[/*] order=-105
2025-07-27T11:39:18.423+03:00 DEBUG 172127 --- [main] o.s.b.w.s.ServletContextInitializerBeans : Mapping servlets: dispatcherServlet urls=[/]
2025-07-27T11:39:18.574+03:00 DEBUG 172127 --- [main] o.s.w.f.ServerHttpObservationFilter      : Filter 'webMvcObservationFilter' configured for use
2025-07-27T11:39:21.010+03:00  INFO 172127 --- [Thread-0] c.h.a.s.s.services.ArticleResource       : Completed reading English articles
2025-07-27T11:39:21.875+03:00  INFO 172127 --- [main] o.s.v.b.OptionalValidatorFactoryBean     : Failed to set up a Bean Validation provider: jakarta.validation.NoProviderFoundException: Unable to create a Configuration, because no Jakarta Bean Validation provider could be found. Add a provider like Hibernate Validator (RI) to your classpath.
2025-07-27T11:39:22.402+03:00 DEBUG 172127 --- [main] s.w.s.m.m.a.RequestMappingHandlerMapping : 23 mappings in 'requestMappingHandlerMapping'
2025-07-27T11:39:22.588+03:00 DEBUG 172127 --- [main] o.s.w.s.handler.SimpleUrlHandlerMapping  : Patterns [/webjars/**, /**, /swagger-ui*/*swagger-initializer.js, /swagger-ui*/**] in 'resourceHandlerMapping'
2025-07-27T11:39:22.706+03:00 DEBUG 172127 --- [main] s.w.s.m.m.a.RequestMappingHandlerAdapter : ControllerAdvice beans: 0 @ModelAttribute, 0 @InitBinder, 1 RequestBodyAdvice, 1 ResponseBodyAdvice
2025-07-27T11:39:22.845+03:00 DEBUG 172127 --- [main] .m.m.a.ExceptionHandlerExceptionResolver : ControllerAdvice beans: 2 @ExceptionHandler, 1 ResponseBodyAdvice
2025-07-27T11:39:23.528+03:00  INFO 172127 --- [main] o.s.b.a.e.web.EndpointLinksResolver      : Exposing 1 endpoint beneath base path '/actuator'
2025-07-27T11:39:23.708+03:00  INFO 172127 --- [main] o.s.b.w.embedded.tomcat.TomcatWebServer  : Tomcat started on port 9221 (http) with context path '/'
2025-07-27T11:39:23.745+03:00  INFO 172127 --- [main] c.h.a.c.CustomScannersServiceApplication : Started CustomScannersServiceApplication in 12.411 seconds (process running for 14.891)
2025-07-27T11:39:23.956+03:00  INFO 172127 --- [http-nio-9221-exec-1] o.a.c.c.C.[Tomcat].[localhost].[/]       : Initializing Spring DispatcherServlet 'dispatcherServlet'
2025-07-27T11:39:23.957+03:00  INFO 172127 --- [http-nio-9221-exec-1] o.s.web.servlet.DispatcherServlet        : Initializing Servlet 'dispatcherServlet'
2025-07-27T11:39:23.958+03:00 DEBUG 172127 --- [http-nio-9221-exec-1] o.s.web.servlet.DispatcherServlet        : Detected StandardServletMultipartResolver
2025-07-27T11:39:23.959+03:00 DEBUG 172127 --- [http-nio-9221-exec-1] o.s.web.servlet.DispatcherServlet        : Detected CookieLocaleResolver
2025-07-27T11:39:23.959+03:00 DEBUG 172127 --- [http-nio-9221-exec-1] o.s.web.servlet.DispatcherServlet        : Detected CookieThemeResolver
2025-07-27T11:39:23.961+03:00 DEBUG 172127 --- [http-nio-9221-exec-1] o.s.web.servlet.DispatcherServlet        : Detected org.springframework.web.servlet.view.DefaultRequestToViewNameTranslator@50978ab9
2025-07-27T11:39:23.962+03:00 DEBUG 172127 --- [http-nio-9221-exec-1] o.s.web.servlet.DispatcherServlet        : Detected org.springframework.web.servlet.support.SessionFlashMapManager@4426784
2025-07-27T11:39:23.963+03:00 DEBUG 172127 --- [http-nio-9221-exec-1] o.s.web.servlet.DispatcherServlet        : enableLoggingRequestDetails='false': request parameters and headers will be masked to prevent unsafe logging of potentially sensitive data
2025-07-27T11:39:23.963+03:00  INFO 172127 --- [http-nio-9221-exec-1] o.s.web.servlet.DispatcherServlet        : Completed initialization in 5 ms
2025-07-27T11:39:24.021+03:00 DEBUG 172127 --- [http-nio-9221-exec-1] o.s.web.servlet.DispatcherServlet        : GET "/v1/scanRules", parameters={}
2025-07-27T11:39:24.032+03:00 DEBUG 172127 --- [http-nio-9221-exec-1] s.w.s.m.m.a.RequestMappingHandlerMapping : Mapped to com.hcl.appscan.customscannersservice.controller.CustomScannersController#getScanRules(String[])
2025-07-27T11:39:24.097+03:00 DEBUG 172127 --- [http-nio-9221-exec-1] o.s.w.s.m.m.a.HttpEntityMethodProcessor  : Using 'application/json', given [application/json, text/plain, */*] and supported [application/json]
2025-07-27T11:39:24.127+03:00 DEBUG 172127 --- [http-nio-9221-exec-1] o.s.w.s.m.m.a.HttpEntityMethodProcessor  : Writing [{Golang={com.ouncelabs.languagelite.golang.rules.WeakCryptoGolang=CustomScannersServiceScanRule{rule (truncated)...]
2025-07-27T11:39:24.491+03:00 DEBUG 172127 --- [http-nio-9221-exec-1] o.s.web.servlet.DispatcherServlet        : Completed 200 OK
2025-07-27T11:42:37.297+03:00 DEBUG 172127 --- [http-nio-9221-exec-3] o.s.web.servlet.DispatcherServlet        : POST "/v1/scanFile", parameters={multipart}
2025-07-27T11:42:37.323+03:00 DEBUG 172127 --- [http-nio-9221-exec-3] s.w.s.m.m.a.RequestMappingHandlerMapping : Mapped to com.hcl.appscan.customscannersservice.controller.CustomScannersController#runScanFile(MultipartFile, String, int[])
2025-07-27T11:42:37.370+03:00 DEBUG 172127 --- [http-nio-9221-exec-3] o.s.w.s.m.m.a.HttpEntityMethodProcessor  : Using 'application/json', given [application/json, text/plain, */*] and supported [application/json]
2025-07-27T11:42:37.373+03:00 DEBUG 172127 --- [http-nio-9221-exec-3] o.s.w.s.m.m.a.HttpEntityMethodProcessor  : Writing [CustomScannerServiceResult{findings=[]}]
2025-07-27T11:42:37.376+03:00 DEBUG 172127 --- [http-nio-9221-exec-3] o.s.web.servlet.DispatcherServlet        : Completed 200 OK
2025-07-27T11:42:39.676+03:00 DEBUG 172127 --- [http-nio-9221-exec-4] o.s.web.servlet.DispatcherServlet        : POST "/v1/scanFile", parameters={multipart}
2025-07-27T11:42:39.678+03:00 DEBUG 172127 --- [http-nio-9221-exec-4] s.w.s.m.m.a.RequestMappingHandlerMapping : Mapped to com.hcl.appscan.customscannersservice.controller.CustomScannersController#runScanFile(MultipartFile, String, int[])
2025-07-27T11:42:39.845+03:00 DEBUG 172127 --- [http-nio-9221-exec-4] o.s.w.s.m.m.a.HttpEntityMethodProcessor  : Using 'application/json', given [application/json, text/plain, */*] and supported [application/json]
2025-07-27T11:42:39.849+03:00 DEBUG 172127 --- [http-nio-9221-exec-4] o.s.w.s.m.m.a.HttpEntityMethodProcessor  : Writing [CustomScannerServiceResult{findings=[CustomScannersServiceFinding{file='WebsitePreviewController.cs' (truncated)...]
2025-07-27T11:42:39.857+03:00 DEBUG 172127 --- [http-nio-9221-exec-4] o.s.web.servlet.DispatcherServlet        : Completed 200 OK
2025-07-27T11:54:41.416+03:00 DEBUG 172127 --- [http-nio-9221-exec-5] o.s.web.servlet.DispatcherServlet        : GET "/v1/ignore/ruleName", parameters={}
2025-07-27T11:54:41.417+03:00 DEBUG 172127 --- [http-nio-9221-exec-6] o.s.web.servlet.DispatcherServlet        : POST "/v1/scanFile", parameters={multipart}
2025-07-27T11:54:41.418+03:00 DEBUG 172127 --- [http-nio-9221-exec-5] s.w.s.m.m.a.RequestMappingHandlerMapping : Mapped to com.hcl.appscan.customscannersservice.controller.CustomScannersController#getRuleNameIgnoreRules()
2025-07-27T11:54:41.419+03:00 DEBUG 172127 --- [http-nio-9221-exec-5] o.s.w.s.m.m.a.HttpEntityMethodProcessor  : Using 'application/json', given [application/json, text/plain, */*] and supported [application/json]
2025-07-27T11:54:41.419+03:00 DEBUG 172127 --- [http-nio-9221-exec-6] s.w.s.m.m.a.RequestMappingHandlerMapping : Mapped to com.hcl.appscan.customscannersservice.controller.CustomScannersController#runScanFile(MultipartFile, String, int[])
2025-07-27T11:54:41.422+03:00 DEBUG 172127 --- [http-nio-9221-exec-5] o.s.w.s.m.m.a.HttpEntityMethodProcessor  : Writing [[]]
2025-07-27T11:54:41.425+03:00 DEBUG 172127 --- [http-nio-9221-exec-5] o.s.web.servlet.DispatcherServlet        : Completed 200 OK
2025-07-27T11:54:41.436+03:00 DEBUG 172127 --- [http-nio-9221-exec-6] o.s.w.s.m.m.a.HttpEntityMethodProcessor  : Using 'application/json', given [application/json, text/plain, */*] and supported [application/json]
2025-07-27T11:54:41.437+03:00 DEBUG 172127 --- [http-nio-9221-exec-6] o.s.w.s.m.m.a.HttpEntityMethodProcessor  : Writing [CustomScannerServiceResult{findings=[]}]
2025-07-27T11:54:41.438+03:00 DEBUG 172127 --- [http-nio-9221-exec-6] o.s.web.servlet.DispatcherServlet        : Completed 200 OK
2025-07-27T12:10:29.210+03:00 DEBUG 172127 --- [http-nio-9221-exec-7] o.s.web.servlet.DispatcherServlet        : GET "/v1/ignore/ruleName", parameters={}
2025-07-27T12:10:29.211+03:00 DEBUG 172127 --- [http-nio-9221-exec-7] s.w.s.m.m.a.RequestMappingHandlerMapping : Mapped to com.hcl.appscan.customscannersservice.controller.CustomScannersController#getRuleNameIgnoreRules()
2025-07-27T12:10:29.212+03:00 DEBUG 172127 --- [http-nio-9221-exec-7] o.s.w.s.m.m.a.HttpEntityMethodProcessor  : Using 'application/json', given [application/json, text/plain, */*] and supported [application/json]
2025-07-27T12:10:29.212+03:00 DEBUG 172127 --- [http-nio-9221-exec-7] o.s.w.s.m.m.a.HttpEntityMethodProcessor  : Writing [[]]
2025-07-27T12:10:29.213+03:00 DEBUG 172127 --- [http-nio-9221-exec-7] o.s.web.servlet.DispatcherServlet        : Completed 200 OK
2025-07-27T12:10:29.222+03:00 DEBUG 172127 --- [http-nio-9221-exec-8] o.s.web.servlet.DispatcherServlet        : GET "/v1/ignore/ruleName", parameters={}
2025-07-27T12:10:29.223+03:00 DEBUG 172127 --- [http-nio-9221-exec-8] s.w.s.m.m.a.RequestMappingHandlerMapping : Mapped to com.hcl.appscan.customscannersservice.controller.CustomScannersController#getRuleNameIgnoreRules()
2025-07-27T12:10:29.224+03:00 DEBUG 172127 --- [http-nio-9221-exec-8] o.s.w.s.m.m.a.HttpEntityMethodProcessor  : Using 'application/json', given [application/json, text/plain, */*] and supported [application/json]
2025-07-27T12:10:29.224+03:00 DEBUG 172127 --- [http-nio-9221-exec-8] o.s.w.s.m.m.a.HttpEntityMethodProcessor  : Writing [[]]
2025-07-27T12:10:29.225+03:00 DEBUG 172127 --- [http-nio-9221-exec-8] o.s.web.servlet.DispatcherServlet        : Completed 200 OK
2025-07-27T12:10:29.227+03:00 DEBUG 172127 --- [http-nio-9221-exec-9] o.s.web.servlet.DispatcherServlet        : GET "/v1/ignore/ruleName", parameters={}
2025-07-27T12:10:29.228+03:00 DEBUG 172127 --- [http-nio-9221-exec-9] s.w.s.m.m.a.RequestMappingHandlerMapping : Mapped to com.hcl.appscan.customscannersservice.controller.CustomScannersController#getRuleNameIgnoreRules()
2025-07-27T12:10:29.229+03:00 DEBUG 172127 --- [http-nio-9221-exec-9] o.s.w.s.m.m.a.HttpEntityMethodProcessor  : Using 'application/json', given [application/json, text/plain, */*] and supported [application/json]
2025-07-27T12:10:29.229+03:00 DEBUG 172127 --- [http-nio-9221-exec-9] o.s.w.s.m.m.a.HttpEntityMethodProcessor  : Writing [[]]
2025-07-27T12:10:29.230+03:00 DEBUG 172127 --- [http-nio-9221-exec-9] o.s.web.servlet.DispatcherServlet        : Completed 200 OK
2025-07-27T12:10:29.237+03:00 DEBUG 172127 --- [http-nio-9221-exec-2] o.s.web.servlet.DispatcherServlet        : GET "/v1/ignore/ruleName", parameters={}
2025-07-27T12:10:29.238+03:00 DEBUG 172127 --- [http-nio-9221-exec-2] s.w.s.m.m.a.RequestMappingHandlerMapping : Mapped to com.hcl.appscan.customscannersservice.controller.CustomScannersController#getRuleNameIgnoreRules()
2025-07-27T12:10:29.238+03:00 DEBUG 172127 --- [http-nio-9221-exec-2] o.s.w.s.m.m.a.HttpEntityMethodProcessor  : Using 'application/json', given [application/json, text/plain, */*] and supported [application/json]
2025-07-27T12:10:29.238+03:00 DEBUG 172127 --- [http-nio-9221-exec-2] o.s.w.s.m.m.a.HttpEntityMethodProcessor  : Writing [[]]
2025-07-27T12:10:29.237+03:00 DEBUG 172127 --- [http-nio-9221-exec-10] o.s.web.servlet.DispatcherServlet        : POST "/v1/scanFile", parameters={multipart}
2025-07-27T12:10:29.239+03:00 DEBUG 172127 --- [http-nio-9221-exec-2] o.s.web.servlet.DispatcherServlet        : Completed 200 OK
2025-07-27T12:10:29.241+03:00 DEBUG 172127 --- [http-nio-9221-exec-10] s.w.s.m.m.a.RequestMappingHandlerMapping : Mapped to com.hcl.appscan.customscannersservice.controller.CustomScannersController#runScanFile(MultipartFile, String, int[])
2025-07-27T12:10:29.252+03:00 DEBUG 172127 --- [http-nio-9221-exec-10] o.s.w.s.m.m.a.HttpEntityMethodProcessor  : Using 'application/json', given [application/json, text/plain, */*] and supported [application/json]
2025-07-27T12:10:29.253+03:00 DEBUG 172127 --- [http-nio-9221-exec-10] o.s.w.s.m.m.a.HttpEntityMethodProcessor  : Writing [CustomScannerServiceResult{findings=[]}]
2025-07-27T12:10:29.255+03:00 DEBUG 172127 --- [http-nio-9221-exec-10] o.s.web.servlet.DispatcherServlet        : Completed 200 OK
2025-07-27T12:10:29.261+03:00 DEBUG 172127 --- [http-nio-9221-exec-1] o.s.web.servlet.DispatcherServlet        : POST "/v1/scanFile", parameters={multipart}
2025-07-27T12:10:29.264+03:00 DEBUG 172127 --- [http-nio-9221-exec-1] s.w.s.m.m.a.RequestMappingHandlerMapping : Mapped to com.hcl.appscan.customscannersservice.controller.CustomScannersController#runScanFile(MultipartFile, String, int[])
2025-07-27T12:10:29.276+03:00 DEBUG 172127 --- [http-nio-9221-exec-1] o.s.w.s.m.m.a.HttpEntityMethodProcessor  : Using 'application/json', given [application/json, text/plain, */*] and supported [application/json]
2025-07-27T12:10:29.277+03:00 DEBUG 172127 --- [http-nio-9221-exec-1] o.s.w.s.m.m.a.HttpEntityMethodProcessor  : Writing [CustomScannerServiceResult{findings=[]}]
2025-07-27T12:10:29.278+03:00 DEBUG 172127 --- [http-nio-9221-exec-1] o.s.web.servlet.DispatcherServlet        : Completed 200 OK
2025-07-27T12:10:29.281+03:00 DEBUG 172127 --- [http-nio-9221-exec-3] o.s.web.servlet.DispatcherServlet        : POST "/v1/scanFile", parameters={multipart}
2025-07-27T12:10:29.283+03:00 DEBUG 172127 --- [http-nio-9221-exec-3] s.w.s.m.m.a.RequestMappingHandlerMapping : Mapped to com.hcl.appscan.customscannersservice.controller.CustomScannersController#runScanFile(MultipartFile, String, int[])
2025-07-27T12:10:29.307+03:00 DEBUG 172127 --- [http-nio-9221-exec-3] o.s.w.s.m.m.a.HttpEntityMethodProcessor  : Using 'application/json', given [application/json, text/plain, */*] and supported [application/json]
2025-07-27T12:10:29.307+03:00 DEBUG 172127 --- [http-nio-9221-exec-3] o.s.w.s.m.m.a.HttpEntityMethodProcessor  : Writing [CustomScannerServiceResult{findings=[]}]
2025-07-27T12:10:29.308+03:00 DEBUG 172127 --- [http-nio-9221-exec-3] o.s.web.servlet.DispatcherServlet        : Completed 200 OK
2025-07-27T12:10:29.312+03:00 DEBUG 172127 --- [http-nio-9221-exec-4] o.s.web.servlet.DispatcherServlet        : POST "/v1/scanFile", parameters={multipart}
2025-07-27T12:10:29.313+03:00 DEBUG 172127 --- [http-nio-9221-exec-4] s.w.s.m.m.a.RequestMappingHandlerMapping : Mapped to com.hcl.appscan.customscannersservice.controller.CustomScannersController#runScanFile(MultipartFile, String, int[])
2025-07-27T12:10:29.345+03:00 DEBUG 172127 --- [http-nio-9221-exec-4] o.s.w.s.m.m.a.HttpEntityMethodProcessor  : Using 'application/json', given [application/json, text/plain, */*] and supported [application/json]
2025-07-27T12:10:29.345+03:00 DEBUG 172127 --- [http-nio-9221-exec-4] o.s.w.s.m.m.a.HttpEntityMethodProcessor  : Writing [CustomScannerServiceResult{findings=[]}]
2025-07-27T12:10:29.346+03:00 DEBUG 172127 --- [http-nio-9221-exec-4] o.s.web.servlet.DispatcherServlet        : Completed 200 OK
2025-07-27T12:11:09.656+03:00 DEBUG 172127 --- [http-nio-9221-exec-6] o.s.web.servlet.DispatcherServlet        : POST "/v1/scanFile", parameters={multipart}
2025-07-27T12:11:09.657+03:00 DEBUG 172127 --- [http-nio-9221-exec-5] o.s.web.servlet.DispatcherServlet        : GET "/v1/ignore/ruleName", parameters={}
2025-07-27T12:11:09.658+03:00 DEBUG 172127 --- [http-nio-9221-exec-5] s.w.s.m.m.a.RequestMappingHandlerMapping : Mapped to com.hcl.appscan.customscannersservice.controller.CustomScannersController#getRuleNameIgnoreRules()
2025-07-27T12:11:09.659+03:00 DEBUG 172127 --- [http-nio-9221-exec-5] o.s.w.s.m.m.a.HttpEntityMethodProcessor  : Using 'application/json', given [application/json, text/plain, */*] and supported [application/json]
2025-07-27T12:11:09.659+03:00 DEBUG 172127 --- [http-nio-9221-exec-6] s.w.s.m.m.a.RequestMappingHandlerMapping : Mapped to com.hcl.appscan.customscannersservice.controller.CustomScannersController#runScanFile(MultipartFile, String, int[])
2025-07-27T12:11:09.660+03:00 DEBUG 172127 --- [http-nio-9221-exec-5] o.s.w.s.m.m.a.HttpEntityMethodProcessor  : Writing [[]]
2025-07-27T12:11:09.662+03:00 DEBUG 172127 --- [http-nio-9221-exec-5] o.s.web.servlet.DispatcherServlet        : Completed 200 OK
2025-07-27T12:11:09.671+03:00 DEBUG 172127 --- [http-nio-9221-exec-6] o.s.w.s.m.m.a.HttpEntityMethodProcessor  : Using 'application/json', given [application/json, text/plain, */*] and supported [application/json]
2025-07-27T12:11:09.671+03:00 DEBUG 172127 --- [http-nio-9221-exec-6] o.s.w.s.m.m.a.HttpEntityMethodProcessor  : Writing [CustomScannerServiceResult{findings=[]}]
2025-07-27T12:11:09.672+03:00 DEBUG 172127 --- [http-nio-9221-exec-6] o.s.web.servlet.DispatcherServlet        : Completed 200 OK
2025-07-27T12:20:55.793+03:00 DEBUG 172127 --- [http-nio-9221-exec-8] o.s.web.servlet.DispatcherServlet        : POST "/v1/scanFile", parameters={multipart}
2025-07-27T12:20:55.793+03:00 DEBUG 172127 --- [http-nio-9221-exec-7] o.s.web.servlet.DispatcherServlet        : GET "/v1/ignore/ruleName", parameters={}
2025-07-27T12:20:55.794+03:00 DEBUG 172127 --- [http-nio-9221-exec-7] s.w.s.m.m.a.RequestMappingHandlerMapping : Mapped to com.hcl.appscan.customscannersservice.controller.CustomScannersController#getRuleNameIgnoreRules()
2025-07-27T12:20:55.795+03:00 DEBUG 172127 --- [http-nio-9221-exec-7] o.s.w.s.m.m.a.HttpEntityMethodProcessor  : Using 'application/json', given [application/json, text/plain, */*] and supported [application/json]
2025-07-27T12:20:55.796+03:00 DEBUG 172127 --- [http-nio-9221-exec-8] s.w.s.m.m.a.RequestMappingHandlerMapping : Mapped to com.hcl.appscan.customscannersservice.controller.CustomScannersController#runScanFile(MultipartFile, String, int[])
2025-07-27T12:20:55.797+03:00 DEBUG 172127 --- [http-nio-9221-exec-7] o.s.w.s.m.m.a.HttpEntityMethodProcessor  : Writing [[]]
2025-07-27T12:20:55.798+03:00 DEBUG 172127 --- [http-nio-9221-exec-7] o.s.web.servlet.DispatcherServlet        : Completed 200 OK
2025-07-27T12:20:55.805+03:00 DEBUG 172127 --- [http-nio-9221-exec-8] o.s.w.s.m.m.a.HttpEntityMethodProcessor  : Using 'application/json', given [application/json, text/plain, */*] and supported [application/json]
2025-07-27T12:20:55.809+03:00 DEBUG 172127 --- [http-nio-9221-exec-8] o.s.w.s.m.m.a.HttpEntityMethodProcessor  : Writing [CustomScannerServiceResult{findings=[]}]
2025-07-27T12:20:55.810+03:00 DEBUG 172127 --- [http-nio-9221-exec-8] o.s.web.servlet.DispatcherServlet        : Completed 200 OK
2025-07-27T12:29:13.111+03:00 DEBUG 172127 --- [http-nio-9221-exec-2] o.s.web.servlet.DispatcherServlet        : POST "/v1/scanFile", parameters={multipart}
2025-07-27T12:29:13.111+03:00 DEBUG 172127 --- [http-nio-9221-exec-9] o.s.web.servlet.DispatcherServlet        : GET "/v1/ignore/ruleName", parameters={}
2025-07-27T12:29:13.112+03:00 DEBUG 172127 --- [http-nio-9221-exec-9] s.w.s.m.m.a.RequestMappingHandlerMapping : Mapped to com.hcl.appscan.customscannersservice.controller.CustomScannersController#getRuleNameIgnoreRules()
2025-07-27T12:29:13.113+03:00 DEBUG 172127 --- [http-nio-9221-exec-9] o.s.w.s.m.m.a.HttpEntityMethodProcessor  : Using 'application/json', given [application/json, text/plain, */*] and supported [application/json]
2025-07-27T12:29:13.113+03:00 DEBUG 172127 --- [http-nio-9221-exec-9] o.s.w.s.m.m.a.HttpEntityMethodProcessor  : Writing [[]]
2025-07-27T12:29:13.113+03:00 DEBUG 172127 --- [http-nio-9221-exec-2] s.w.s.m.m.a.RequestMappingHandlerMapping : Mapped to com.hcl.appscan.customscannersservice.controller.CustomScannersController#runScanFile(MultipartFile, String, int[])
2025-07-27T12:29:13.114+03:00 DEBUG 172127 --- [http-nio-9221-exec-9] o.s.web.servlet.DispatcherServlet        : Completed 200 OK
2025-07-27T12:29:13.122+03:00 DEBUG 172127 --- [http-nio-9221-exec-2] o.s.w.s.m.m.a.HttpEntityMethodProcessor  : Using 'application/json', given [application/json, text/plain, */*] and supported [application/json]
2025-07-27T12:29:13.123+03:00 DEBUG 172127 --- [http-nio-9221-exec-2] o.s.w.s.m.m.a.HttpEntityMethodProcessor  : Writing [CustomScannerServiceResult{findings=[]}]
2025-07-27T12:29:13.123+03:00 DEBUG 172127 --- [http-nio-9221-exec-2] o.s.web.servlet.DispatcherServlet        : Completed 200 OK
2025-07-27T12:34:06.391+03:00 DEBUG 172127 --- [http-nio-9221-exec-10] o.s.web.servlet.DispatcherServlet        : GET "/v1/ignore/ruleName", parameters={}
2025-07-27T12:34:06.391+03:00 DEBUG 172127 --- [http-nio-9221-exec-1] o.s.web.servlet.DispatcherServlet        : POST "/v1/scanFile", parameters={multipart}
2025-07-27T12:34:06.392+03:00 DEBUG 172127 --- [http-nio-9221-exec-10] s.w.s.m.m.a.RequestMappingHandlerMapping : Mapped to com.hcl.appscan.customscannersservice.controller.CustomScannersController#getRuleNameIgnoreRules()
2025-07-27T12:34:06.393+03:00 DEBUG 172127 --- [http-nio-9221-exec-10] o.s.w.s.m.m.a.HttpEntityMethodProcessor  : Using 'application/json', given [application/json, text/plain, */*] and supported [application/json]
2025-07-27T12:34:06.393+03:00 DEBUG 172127 --- [http-nio-9221-exec-10] o.s.w.s.m.m.a.HttpEntityMethodProcessor  : Writing [[]]
2025-07-27T12:34:06.394+03:00 DEBUG 172127 --- [http-nio-9221-exec-1] s.w.s.m.m.a.RequestMappingHandlerMapping : Mapped to com.hcl.appscan.customscannersservice.controller.CustomScannersController#runScanFile(MultipartFile, String, int[])
2025-07-27T12:34:06.394+03:00 DEBUG 172127 --- [http-nio-9221-exec-10] o.s.web.servlet.DispatcherServlet        : Completed 200 OK
2025-07-27T12:34:06.402+03:00 DEBUG 172127 --- [http-nio-9221-exec-1] o.s.w.s.m.m.a.HttpEntityMethodProcessor  : Using 'application/json', given [application/json, text/plain, */*] and supported [application/json]
2025-07-27T12:34:06.402+03:00 DEBUG 172127 --- [http-nio-9221-exec-1] o.s.w.s.m.m.a.HttpEntityMethodProcessor  : Writing [CustomScannerServiceResult{findings=[]}]
2025-07-27T12:34:06.403+03:00 DEBUG 172127 --- [http-nio-9221-exec-1] o.s.web.servlet.DispatcherServlet        : Completed 200 OK
2025-07-27T12:36:56.245+03:00 DEBUG 172127 --- [http-nio-9221-exec-4] o.s.web.servlet.DispatcherServlet        : POST "/v1/scanFile", parameters={multipart}
2025-07-27T12:36:56.245+03:00 DEBUG 172127 --- [http-nio-9221-exec-3] o.s.web.servlet.DispatcherServlet        : GET "/v1/ignore/ruleName", parameters={}
2025-07-27T12:36:56.247+03:00 DEBUG 172127 --- [http-nio-9221-exec-3] s.w.s.m.m.a.RequestMappingHandlerMapping : Mapped to com.hcl.appscan.customscannersservice.controller.CustomScannersController#getRuleNameIgnoreRules()
2025-07-27T12:36:56.248+03:00 DEBUG 172127 --- [http-nio-9221-exec-3] o.s.w.s.m.m.a.HttpEntityMethodProcessor  : Using 'application/json', given [application/json, text/plain, */*] and supported [application/json]
2025-07-27T12:36:56.248+03:00 DEBUG 172127 --- [http-nio-9221-exec-3] o.s.w.s.m.m.a.HttpEntityMethodProcessor  : Writing [[]]
2025-07-27T12:36:56.249+03:00 DEBUG 172127 --- [http-nio-9221-exec-4] s.w.s.m.m.a.RequestMappingHandlerMapping : Mapped to com.hcl.appscan.customscannersservice.controller.CustomScannersController#runScanFile(MultipartFile, String, int[])
2025-07-27T12:36:56.249+03:00 DEBUG 172127 --- [http-nio-9221-exec-3] o.s.web.servlet.DispatcherServlet        : Completed 200 OK
2025-07-27T12:36:56.302+03:00 DEBUG 172127 --- [http-nio-9221-exec-4] o.s.w.s.m.m.a.HttpEntityMethodProcessor  : Using 'application/json', given [application/json, text/plain, */*] and supported [application/json]
2025-07-27T12:36:56.302+03:00 DEBUG 172127 --- [http-nio-9221-exec-4] o.s.w.s.m.m.a.HttpEntityMethodProcessor  : Writing [CustomScannerServiceResult{findings=[]}]
2025-07-27T12:36:56.303+03:00 DEBUG 172127 --- [http-nio-9221-exec-4] o.s.web.servlet.DispatcherServlet        : Completed 200 OK
2025-07-27T12:39:50.673+03:00 DEBUG 172127 --- [http-nio-9221-exec-6] o.s.web.servlet.DispatcherServlet        : POST "/v1/scanFile", parameters={multipart}
2025-07-27T12:39:50.673+03:00 DEBUG 172127 --- [http-nio-9221-exec-5] o.s.web.servlet.DispatcherServlet        : GET "/v1/ignore/ruleName", parameters={}
2025-07-27T12:39:50.674+03:00 DEBUG 172127 --- [http-nio-9221-exec-5] s.w.s.m.m.a.RequestMappingHandlerMapping : Mapped to com.hcl.appscan.customscannersservice.controller.CustomScannersController#getRuleNameIgnoreRules()
2025-07-27T12:39:50.674+03:00 DEBUG 172127 --- [http-nio-9221-exec-5] o.s.w.s.m.m.a.HttpEntityMethodProcessor  : Using 'application/json', given [application/json, text/plain, */*] and supported [application/json]
2025-07-27T12:39:50.675+03:00 DEBUG 172127 --- [http-nio-9221-exec-5] o.s.w.s.m.m.a.HttpEntityMethodProcessor  : Writing [[]]
2025-07-27T12:39:50.675+03:00 DEBUG 172127 --- [http-nio-9221-exec-6] s.w.s.m.m.a.RequestMappingHandlerMapping : Mapped to com.hcl.appscan.customscannersservice.controller.CustomScannersController#runScanFile(MultipartFile, String, int[])
2025-07-27T12:39:50.676+03:00 DEBUG 172127 --- [http-nio-9221-exec-5] o.s.web.servlet.DispatcherServlet        : Completed 200 OK
2025-07-27T12:39:50.729+03:00 DEBUG 172127 --- [http-nio-9221-exec-6] o.s.w.s.m.m.a.HttpEntityMethodProcessor  : Using 'application/json', given [application/json, text/plain, */*] and supported [application/json]
2025-07-27T12:39:50.729+03:00 DEBUG 172127 --- [http-nio-9221-exec-6] o.s.w.s.m.m.a.HttpEntityMethodProcessor  : Writing [CustomScannerServiceResult{findings=[]}]
2025-07-27T12:39:50.730+03:00 DEBUG 172127 --- [http-nio-9221-exec-6] o.s.web.servlet.DispatcherServlet        : Completed 200 OK
2025-07-27T12:46:50.051+03:00 DEBUG 172127 --- [http-nio-9221-exec-7] o.s.web.servlet.DispatcherServlet        : GET "/v1/ignore/ruleName", parameters={}
2025-07-27T12:46:50.052+03:00 DEBUG 172127 --- [http-nio-9221-exec-8] o.s.web.servlet.DispatcherServlet        : POST "/v1/scanFile", parameters={multipart}
2025-07-27T12:46:50.052+03:00 DEBUG 172127 --- [http-nio-9221-exec-7] s.w.s.m.m.a.RequestMappingHandlerMapping : Mapped to com.hcl.appscan.customscannersservice.controller.CustomScannersController#getRuleNameIgnoreRules()
2025-07-27T12:46:50.053+03:00 DEBUG 172127 --- [http-nio-9221-exec-7] o.s.w.s.m.m.a.HttpEntityMethodProcessor  : Using 'application/json', given [application/json, text/plain, */*] and supported [application/json]
2025-07-27T12:46:50.054+03:00 DEBUG 172127 --- [http-nio-9221-exec-7] o.s.w.s.m.m.a.HttpEntityMethodProcessor  : Writing [[]]
2025-07-27T12:46:50.055+03:00 DEBUG 172127 --- [http-nio-9221-exec-7] o.s.web.servlet.DispatcherServlet        : Completed 200 OK
2025-07-27T12:46:50.059+03:00 DEBUG 172127 --- [http-nio-9221-exec-8] s.w.s.m.m.a.RequestMappingHandlerMapping : Mapped to com.hcl.appscan.customscannersservice.controller.CustomScannersController#runScanFile(MultipartFile, String, int[])
2025-07-27T12:46:50.064+03:00 DEBUG 172127 --- [http-nio-9221-exec-8] o.s.w.s.m.m.a.HttpEntityMethodProcessor  : Using 'application/json', given [application/json, text/plain, */*] and supported [application/json]
2025-07-27T12:46:50.064+03:00 DEBUG 172127 --- [http-nio-9221-exec-8] o.s.w.s.m.m.a.HttpEntityMethodProcessor  : Writing [CustomScannerServiceResult{findings=[]}]
2025-07-27T12:46:50.065+03:00 DEBUG 172127 --- [http-nio-9221-exec-8] o.s.web.servlet.DispatcherServlet        : Completed 200 OK
2025-07-27T12:49:38.072+03:00 DEBUG 172127 --- [http-nio-9221-exec-9] o.s.web.servlet.DispatcherServlet        : GET "/v1/ignore/ruleName", parameters={}
2025-07-27T12:49:38.073+03:00 DEBUG 172127 --- [http-nio-9221-exec-9] s.w.s.m.m.a.RequestMappingHandlerMapping : Mapped to com.hcl.appscan.customscannersservice.controller.CustomScannersController#getRuleNameIgnoreRules()
2025-07-27T12:49:38.074+03:00 DEBUG 172127 --- [http-nio-9221-exec-9] o.s.w.s.m.m.a.HttpEntityMethodProcessor  : Using 'application/json', given [application/json, text/plain, */*] and supported [application/json]
2025-07-27T12:49:38.074+03:00 DEBUG 172127 --- [http-nio-9221-exec-9] o.s.w.s.m.m.a.HttpEntityMethodProcessor  : Writing [[]]
2025-07-27T12:49:38.075+03:00 DEBUG 172127 --- [http-nio-9221-exec-9] o.s.web.servlet.DispatcherServlet        : Completed 200 OK
2025-07-27T12:49:38.072+03:00 DEBUG 172127 --- [http-nio-9221-exec-2] o.s.web.servlet.DispatcherServlet        : POST "/v1/scanFile", parameters={multipart}
2025-07-27T12:49:38.078+03:00 DEBUG 172127 --- [http-nio-9221-exec-2] s.w.s.m.m.a.RequestMappingHandlerMapping : Mapped to com.hcl.appscan.customscannersservice.controller.CustomScannersController#runScanFile(MultipartFile, String, int[])
2025-07-27T12:49:38.087+03:00 DEBUG 172127 --- [http-nio-9221-exec-2] o.s.w.s.m.m.a.HttpEntityMethodProcessor  : Using 'application/json', given [application/json, text/plain, */*] and supported [application/json]
2025-07-27T12:49:38.088+03:00 DEBUG 172127 --- [http-nio-9221-exec-2] o.s.w.s.m.m.a.HttpEntityMethodProcessor  : Writing [CustomScannerServiceResult{findings=[]}]
2025-07-27T12:49:38.089+03:00 DEBUG 172127 --- [http-nio-9221-exec-2] o.s.web.servlet.DispatcherServlet        : Completed 200 OK
2025-07-27T12:50:04.598+03:00 DEBUG 172127 --- [http-nio-9221-exec-10] o.s.web.servlet.DispatcherServlet        : GET "/v1/ignore/ruleName", parameters={}
2025-07-27T12:50:04.598+03:00 DEBUG 172127 --- [http-nio-9221-exec-1] o.s.web.servlet.DispatcherServlet        : POST "/v1/scanFile", parameters={multipart}
2025-07-27T12:50:04.599+03:00 DEBUG 172127 --- [http-nio-9221-exec-10] s.w.s.m.m.a.RequestMappingHandlerMapping : Mapped to com.hcl.appscan.customscannersservice.controller.CustomScannersController#getRuleNameIgnoreRules()
2025-07-27T12:50:04.599+03:00 DEBUG 172127 --- [http-nio-9221-exec-10] o.s.w.s.m.m.a.HttpEntityMethodProcessor  : Using 'application/json', given [application/json, text/plain, */*] and supported [application/json]
2025-07-27T12:50:04.600+03:00 DEBUG 172127 --- [http-nio-9221-exec-10] o.s.w.s.m.m.a.HttpEntityMethodProcessor  : Writing [[]]
2025-07-27T12:50:04.600+03:00 DEBUG 172127 --- [http-nio-9221-exec-10] o.s.web.servlet.DispatcherServlet        : Completed 200 OK
2025-07-27T12:50:04.600+03:00 DEBUG 172127 --- [http-nio-9221-exec-1] s.w.s.m.m.a.RequestMappingHandlerMapping : Mapped to com.hcl.appscan.customscannersservice.controller.CustomScannersController#runScanFile(MultipartFile, String, int[])
2025-07-27T12:50:04.614+03:00 DEBUG 172127 --- [http-nio-9221-exec-1] o.s.w.s.m.m.a.HttpEntityMethodProcessor  : Using 'application/json', given [application/json, text/plain, */*] and supported [application/json]
2025-07-27T12:50:04.615+03:00 DEBUG 172127 --- [http-nio-9221-exec-1] o.s.w.s.m.m.a.HttpEntityMethodProcessor  : Writing [CustomScannerServiceResult{findings=[]}]
2025-07-27T12:50:04.616+03:00 DEBUG 172127 --- [http-nio-9221-exec-1] o.s.web.servlet.DispatcherServlet        : Completed 200 OK
2025-07-27T12:54:38.743+03:00 DEBUG 172127 --- [http-nio-9221-exec-3] o.s.web.servlet.DispatcherServlet        : GET "/v1/ignore/ruleName", parameters={}
2025-07-27T12:54:38.744+03:00 DEBUG 172127 --- [http-nio-9221-exec-3] s.w.s.m.m.a.RequestMappingHandlerMapping : Mapped to com.hcl.appscan.customscannersservice.controller.CustomScannersController#getRuleNameIgnoreRules()
2025-07-27T12:54:38.744+03:00 DEBUG 172127 --- [http-nio-9221-exec-3] o.s.w.s.m.m.a.HttpEntityMethodProcessor  : Using 'application/json', given [application/json, text/plain, */*] and supported [application/json]
2025-07-27T12:54:38.744+03:00 DEBUG 172127 --- [http-nio-9221-exec-3] o.s.w.s.m.m.a.HttpEntityMethodProcessor  : Writing [[]]
2025-07-27T12:54:38.745+03:00 DEBUG 172127 --- [http-nio-9221-exec-3] o.s.web.servlet.DispatcherServlet        : Completed 200 OK
2025-07-27T12:54:38.755+03:00 DEBUG 172127 --- [http-nio-9221-exec-4] o.s.web.servlet.DispatcherServlet        : POST "/v1/scanFile", parameters={multipart}
2025-07-27T12:54:38.757+03:00 DEBUG 172127 --- [http-nio-9221-exec-4] s.w.s.m.m.a.RequestMappingHandlerMapping : Mapped to com.hcl.appscan.customscannersservice.controller.CustomScannersController#runScanFile(MultipartFile, String, int[])
2025-07-27T12:54:38.766+03:00 DEBUG 172127 --- [http-nio-9221-exec-4] o.s.w.s.m.m.a.HttpEntityMethodProcessor  : Using 'application/json', given [application/json, text/plain, */*] and supported [application/json]
2025-07-27T12:54:38.766+03:00 DEBUG 172127 --- [http-nio-9221-exec-4] o.s.w.s.m.m.a.HttpEntityMethodProcessor  : Writing [CustomScannerServiceResult{findings=[]}]
2025-07-27T12:54:38.767+03:00 DEBUG 172127 --- [http-nio-9221-exec-4] o.s.web.servlet.DispatcherServlet        : Completed 200 OK
2025-07-27T12:55:51.609+03:00 DEBUG 172127 --- [http-nio-9221-exec-6] o.s.web.servlet.DispatcherServlet        : POST "/v1/scanFile", parameters={multipart}
2025-07-27T12:55:51.612+03:00 DEBUG 172127 --- [http-nio-9221-exec-6] s.w.s.m.m.a.RequestMappingHandlerMapping : Mapped to com.hcl.appscan.customscannersservice.controller.CustomScannersController#runScanFile(MultipartFile, String, int[])
2025-07-27T12:55:51.609+03:00 DEBUG 172127 --- [http-nio-9221-exec-5] o.s.web.servlet.DispatcherServlet        : GET "/v1/ignore/ruleName", parameters={}
2025-07-27T12:55:51.616+03:00 DEBUG 172127 --- [http-nio-9221-exec-5] s.w.s.m.m.a.RequestMappingHandlerMapping : Mapped to com.hcl.appscan.customscannersservice.controller.CustomScannersController#getRuleNameIgnoreRules()
2025-07-27T12:55:51.616+03:00 DEBUG 172127 --- [http-nio-9221-exec-5] o.s.w.s.m.m.a.HttpEntityMethodProcessor  : Using 'application/json', given [application/json, text/plain, */*] and supported [application/json]
2025-07-27T12:55:51.616+03:00 DEBUG 172127 --- [http-nio-9221-exec-5] o.s.w.s.m.m.a.HttpEntityMethodProcessor  : Writing [[]]
2025-07-27T12:55:51.617+03:00 DEBUG 172127 --- [http-nio-9221-exec-5] o.s.web.servlet.DispatcherServlet        : Completed 200 OK
2025-07-27T12:55:51.627+03:00 DEBUG 172127 --- [http-nio-9221-exec-6] o.s.w.s.m.m.a.HttpEntityMethodProcessor  : Using 'application/json', given [application/json, text/plain, */*] and supported [application/json]
2025-07-27T12:55:51.628+03:00 DEBUG 172127 --- [http-nio-9221-exec-6] o.s.w.s.m.m.a.HttpEntityMethodProcessor  : Writing [CustomScannerServiceResult{findings=[]}]
2025-07-27T12:55:51.628+03:00 DEBUG 172127 --- [http-nio-9221-exec-6] o.s.web.servlet.DispatcherServlet        : Completed 200 OK
2025-07-27T12:57:40.262+03:00 DEBUG 172127 --- [http-nio-9221-exec-7] o.s.web.servlet.DispatcherServlet        : GET "/v1/ignore/ruleName", parameters={}
2025-07-27T12:57:40.262+03:00 DEBUG 172127 --- [http-nio-9221-exec-8] o.s.web.servlet.DispatcherServlet        : POST "/v1/scanFile", parameters={multipart}
2025-07-27T12:57:40.263+03:00 DEBUG 172127 --- [http-nio-9221-exec-7] s.w.s.m.m.a.RequestMappingHandlerMapping : Mapped to com.hcl.appscan.customscannersservice.controller.CustomScannersController#getRuleNameIgnoreRules()
2025-07-27T12:57:40.264+03:00 DEBUG 172127 --- [http-nio-9221-exec-7] o.s.w.s.m.m.a.HttpEntityMethodProcessor  : Using 'application/json', given [application/json, text/plain, */*] and supported [application/json]
2025-07-27T12:57:40.264+03:00 DEBUG 172127 --- [http-nio-9221-exec-7] o.s.w.s.m.m.a.HttpEntityMethodProcessor  : Writing [[]]
2025-07-27T12:57:40.265+03:00 DEBUG 172127 --- [http-nio-9221-exec-7] o.s.web.servlet.DispatcherServlet        : Completed 200 OK
2025-07-27T12:57:40.269+03:00 DEBUG 172127 --- [http-nio-9221-exec-8] s.w.s.m.m.a.RequestMappingHandlerMapping : Mapped to com.hcl.appscan.customscannersservice.controller.CustomScannersController#runScanFile(MultipartFile, String, int[])
2025-07-27T12:57:40.276+03:00 DEBUG 172127 --- [http-nio-9221-exec-8] o.s.w.s.m.m.a.HttpEntityMethodProcessor  : Using 'application/json', given [application/json, text/plain, */*] and supported [application/json]
2025-07-27T12:57:40.277+03:00 DEBUG 172127 --- [http-nio-9221-exec-8] o.s.w.s.m.m.a.HttpEntityMethodProcessor  : Writing [CustomScannerServiceResult{findings=[]}]
2025-07-27T12:57:40.277+03:00 DEBUG 172127 --- [http-nio-9221-exec-8] o.s.web.servlet.DispatcherServlet        : Completed 200 OK
2025-07-27T13:10:25.753+03:00 DEBUG 172127 --- [http-nio-9221-exec-2] o.s.web.servlet.DispatcherServlet        : POST "/v1/scanFile", parameters={multipart}
2025-07-27T13:10:25.753+03:00 DEBUG 172127 --- [http-nio-9221-exec-9] o.s.web.servlet.DispatcherServlet        : GET "/v1/ignore/ruleName", parameters={}
2025-07-27T13:10:25.756+03:00 DEBUG 172127 --- [http-nio-9221-exec-2] s.w.s.m.m.a.RequestMappingHandlerMapping : Mapped to com.hcl.appscan.customscannersservice.controller.CustomScannersController#runScanFile(MultipartFile, String, int[])
2025-07-27T13:10:25.756+03:00 DEBUG 172127 --- [http-nio-9221-exec-9] s.w.s.m.m.a.RequestMappingHandlerMapping : Mapped to com.hcl.appscan.customscannersservice.controller.CustomScannersController#getRuleNameIgnoreRules()
2025-07-27T13:10:25.757+03:00 DEBUG 172127 --- [http-nio-9221-exec-9] o.s.w.s.m.m.a.HttpEntityMethodProcessor  : Using 'application/json', given [application/json, text/plain, */*] and supported [application/json]
2025-07-27T13:10:25.759+03:00 DEBUG 172127 --- [http-nio-9221-exec-9] o.s.w.s.m.m.a.HttpEntityMethodProcessor  : Writing [[]]
2025-07-27T13:10:25.760+03:00 DEBUG 172127 --- [http-nio-9221-exec-9] o.s.web.servlet.DispatcherServlet        : Completed 200 OK
2025-07-27T13:10:25.765+03:00 DEBUG 172127 --- [http-nio-9221-exec-2] o.s.w.s.m.m.a.HttpEntityMethodProcessor  : Using 'application/json', given [application/json, text/plain, */*] and supported [application/json]
2025-07-27T13:10:25.765+03:00 DEBUG 172127 --- [http-nio-9221-exec-2] o.s.w.s.m.m.a.HttpEntityMethodProcessor  : Writing [CustomScannerServiceResult{findings=[]}]
2025-07-27T13:10:25.766+03:00 DEBUG 172127 --- [http-nio-9221-exec-2] o.s.web.servlet.DispatcherServlet        : Completed 200 OK
2025-07-27T13:11:08.546+03:00 DEBUG 172127 --- [http-nio-9221-exec-10] o.s.web.servlet.DispatcherServlet        : GET "/v1/ignore/ruleName", parameters={}
2025-07-27T13:11:08.546+03:00 DEBUG 172127 --- [http-nio-9221-exec-1] o.s.web.servlet.DispatcherServlet        : POST "/v1/scanFile", parameters={multipart}
2025-07-27T13:11:08.547+03:00 DEBUG 172127 --- [http-nio-9221-exec-10] s.w.s.m.m.a.RequestMappingHandlerMapping : Mapped to com.hcl.appscan.customscannersservice.controller.CustomScannersController#getRuleNameIgnoreRules()
2025-07-27T13:11:08.548+03:00 DEBUG 172127 --- [http-nio-9221-exec-10] o.s.w.s.m.m.a.HttpEntityMethodProcessor  : Using 'application/json', given [application/json, text/plain, */*] and supported [application/json]
2025-07-27T13:11:08.548+03:00 DEBUG 172127 --- [http-nio-9221-exec-10] o.s.w.s.m.m.a.HttpEntityMethodProcessor  : Writing [[]]
2025-07-27T13:11:08.548+03:00 DEBUG 172127 --- [http-nio-9221-exec-1] s.w.s.m.m.a.RequestMappingHandlerMapping : Mapped to com.hcl.appscan.customscannersservice.controller.CustomScannersController#runScanFile(MultipartFile, String, int[])
2025-07-27T13:11:08.549+03:00 DEBUG 172127 --- [http-nio-9221-exec-10] o.s.web.servlet.DispatcherServlet        : Completed 200 OK
2025-07-27T13:11:08.554+03:00 DEBUG 172127 --- [http-nio-9221-exec-1] o.s.w.s.m.m.a.HttpEntityMethodProcessor  : Using 'application/json', given [application/json, text/plain, */*] and supported [application/json]
2025-07-27T13:11:08.555+03:00 DEBUG 172127 --- [http-nio-9221-exec-1] o.s.w.s.m.m.a.HttpEntityMethodProcessor  : Writing [CustomScannerServiceResult{findings=[]}]
2025-07-27T13:11:08.556+03:00 DEBUG 172127 --- [http-nio-9221-exec-1] o.s.web.servlet.DispatcherServlet        : Completed 200 OK
2025-07-27T13:11:20.755+03:00 DEBUG 172127 --- [http-nio-9221-exec-3] o.s.web.servlet.DispatcherServlet        : GET "/v1/ignore/ruleName", parameters={}
2025-07-27T13:11:20.755+03:00 DEBUG 172127 --- [http-nio-9221-exec-4] o.s.web.servlet.DispatcherServlet        : POST "/v1/scanFile", parameters={multipart}
2025-07-27T13:11:20.756+03:00 DEBUG 172127 --- [http-nio-9221-exec-3] s.w.s.m.m.a.RequestMappingHandlerMapping : Mapped to com.hcl.appscan.customscannersservice.controller.CustomScannersController#getRuleNameIgnoreRules()
2025-07-27T13:11:20.756+03:00 DEBUG 172127 --- [http-nio-9221-exec-3] o.s.w.s.m.m.a.HttpEntityMethodProcessor  : Using 'application/json', given [application/json, text/plain, */*] and supported [application/json]
2025-07-27T13:11:20.757+03:00 DEBUG 172127 --- [http-nio-9221-exec-3] o.s.w.s.m.m.a.HttpEntityMethodProcessor  : Writing [[]]
2025-07-27T13:11:20.757+03:00 DEBUG 172127 --- [http-nio-9221-exec-4] s.w.s.m.m.a.RequestMappingHandlerMapping : Mapped to com.hcl.appscan.customscannersservice.controller.CustomScannersController#runScanFile(MultipartFile, String, int[])
2025-07-27T13:11:20.757+03:00 DEBUG 172127 --- [http-nio-9221-exec-3] o.s.web.servlet.DispatcherServlet        : Completed 200 OK
2025-07-27T13:11:20.764+03:00 DEBUG 172127 --- [http-nio-9221-exec-4] o.s.w.s.m.m.a.HttpEntityMethodProcessor  : Using 'application/json', given [application/json, text/plain, */*] and supported [application/json]
2025-07-27T13:11:20.765+03:00 DEBUG 172127 --- [http-nio-9221-exec-4] o.s.w.s.m.m.a.HttpEntityMethodProcessor  : Writing [CustomScannerServiceResult{findings=[]}]
2025-07-27T13:11:20.766+03:00 DEBUG 172127 --- [http-nio-9221-exec-4] o.s.web.servlet.DispatcherServlet        : Completed 200 OK
2025-07-27T13:13:39.037+03:00 DEBUG 172127 --- [http-nio-9221-exec-6] o.s.web.servlet.DispatcherServlet        : POST "/v1/scanFile", parameters={multipart}
2025-07-27T13:13:39.037+03:00 DEBUG 172127 --- [http-nio-9221-exec-5] o.s.web.servlet.DispatcherServlet        : GET "/v1/ignore/ruleName", parameters={}
2025-07-27T13:13:39.038+03:00 DEBUG 172127 --- [http-nio-9221-exec-5] s.w.s.m.m.a.RequestMappingHandlerMapping : Mapped to com.hcl.appscan.customscannersservice.controller.CustomScannersController#getRuleNameIgnoreRules()
2025-07-27T13:13:39.039+03:00 DEBUG 172127 --- [http-nio-9221-exec-5] o.s.w.s.m.m.a.HttpEntityMethodProcessor  : Using 'application/json', given [application/json, text/plain, */*] and supported [application/json]
2025-07-27T13:13:39.039+03:00 DEBUG 172127 --- [http-nio-9221-exec-6] s.w.s.m.m.a.RequestMappingHandlerMapping : Mapped to com.hcl.appscan.customscannersservice.controller.CustomScannersController#runScanFile(MultipartFile, String, int[])
2025-07-27T13:13:39.040+03:00 DEBUG 172127 --- [http-nio-9221-exec-5] o.s.w.s.m.m.a.HttpEntityMethodProcessor  : Writing [[]]
2025-07-27T13:13:39.040+03:00 DEBUG 172127 --- [http-nio-9221-exec-5] o.s.web.servlet.DispatcherServlet        : Completed 200 OK
2025-07-27T13:13:39.090+03:00 DEBUG 172127 --- [http-nio-9221-exec-6] .m.m.a.ExceptionHandlerExceptionResolver : Using @ExceptionHandler com.hcl.appscan.customscannersservice.controller.CustomScannersControllerAdvice#handleInvalidArgument(IllegalArgumentException)
2025-07-27T13:13:39.106+03:00 DEBUG 172127 --- [http-nio-9221-exec-6] o.s.w.s.m.m.a.HttpEntityMethodProcessor  : Using 'application/json', given [application/json, text/plain, */*] and supported [application/json, application/*+json]
2025-07-27T13:13:39.107+03:00 DEBUG 172127 --- [http-nio-9221-exec-6] o.s.w.s.m.m.a.HttpEntityMethodProcessor  : Writing [com.hcl.appscan.customscannersservice.controller.CustomScannersControllerAdvice$ErrorMessage@1217996 (truncated)...]
2025-07-27T13:13:39.108+03:00 DEBUG 172127 --- [http-nio-9221-exec-6] .m.m.a.ExceptionHandlerExceptionResolver : Resolved [java.lang.IllegalArgumentException: The following file type is not supported: txt]
2025-07-27T13:13:39.108+03:00 DEBUG 172127 --- [http-nio-9221-exec-6] o.s.web.servlet.DispatcherServlet        : Completed 422 UNPROCESSABLE_ENTITY
2025-07-27T13:15:44.855+03:00 DEBUG 172127 --- [http-nio-9221-exec-7] o.s.web.servlet.DispatcherServlet        : GET "/v1/ignore/ruleName", parameters={}
2025-07-27T13:15:44.855+03:00 DEBUG 172127 --- [http-nio-9221-exec-8] o.s.web.servlet.DispatcherServlet        : POST "/v1/scanFile", parameters={multipart}
2025-07-27T13:15:44.856+03:00 DEBUG 172127 --- [http-nio-9221-exec-7] s.w.s.m.m.a.RequestMappingHandlerMapping : Mapped to com.hcl.appscan.customscannersservice.controller.CustomScannersController#getRuleNameIgnoreRules()
2025-07-27T13:15:44.857+03:00 DEBUG 172127 --- [http-nio-9221-exec-7] o.s.w.s.m.m.a.HttpEntityMethodProcessor  : Using 'application/json', given [application/json, text/plain, */*] and supported [application/json]
2025-07-27T13:15:44.857+03:00 DEBUG 172127 --- [http-nio-9221-exec-8] s.w.s.m.m.a.RequestMappingHandlerMapping : Mapped to com.hcl.appscan.customscannersservice.controller.CustomScannersController#runScanFile(MultipartFile, String, int[])
2025-07-27T13:15:44.858+03:00 DEBUG 172127 --- [http-nio-9221-exec-7] o.s.w.s.m.m.a.HttpEntityMethodProcessor  : Writing [[]]
2025-07-27T13:15:44.859+03:00 DEBUG 172127 --- [http-nio-9221-exec-7] o.s.web.servlet.DispatcherServlet        : Completed 200 OK
2025-07-27T13:15:44.861+03:00 DEBUG 172127 --- [http-nio-9221-exec-8] .m.m.a.ExceptionHandlerExceptionResolver : Using @ExceptionHandler com.hcl.appscan.customscannersservice.controller.CustomScannersControllerAdvice#handleInvalidArgument(IllegalArgumentException)
2025-07-27T13:15:44.861+03:00 DEBUG 172127 --- [http-nio-9221-exec-8] o.s.w.s.m.m.a.HttpEntityMethodProcessor  : Using 'application/json', given [application/json, text/plain, */*] and supported [application/json, application/*+json]
2025-07-27T13:15:44.861+03:00 DEBUG 172127 --- [http-nio-9221-exec-8] o.s.w.s.m.m.a.HttpEntityMethodProcessor  : Writing [com.hcl.appscan.customscannersservice.controller.CustomScannersControllerAdvice$ErrorMessage@1d1bff9 (truncated)...]
2025-07-27T13:15:44.862+03:00 DEBUG 172127 --- [http-nio-9221-exec-8] .m.m.a.ExceptionHandlerExceptionResolver : Resolved [java.lang.IllegalArgumentException: The following file type is not supported: md]
2025-07-27T13:15:44.862+03:00 DEBUG 172127 --- [http-nio-9221-exec-8] o.s.web.servlet.DispatcherServlet        : Completed 422 UNPROCESSABLE_ENTITY
2025-07-27T13:16:40.333+03:00 DEBUG 172127 --- [http-nio-9221-exec-9] o.s.web.servlet.DispatcherServlet        : GET "/v1/ignore/ruleName", parameters={}
2025-07-27T13:16:40.333+03:00 DEBUG 172127 --- [http-nio-9221-exec-2] o.s.web.servlet.DispatcherServlet        : POST "/v1/scanFile", parameters={multipart}
2025-07-27T13:16:40.334+03:00 DEBUG 172127 --- [http-nio-9221-exec-9] s.w.s.m.m.a.RequestMappingHandlerMapping : Mapped to com.hcl.appscan.customscannersservice.controller.CustomScannersController#getRuleNameIgnoreRules()
2025-07-27T13:16:40.335+03:00 DEBUG 172127 --- [http-nio-9221-exec-9] o.s.w.s.m.m.a.HttpEntityMethodProcessor  : Using 'application/json', given [application/json, text/plain, */*] and supported [application/json]
2025-07-27T13:16:40.335+03:00 DEBUG 172127 --- [http-nio-9221-exec-9] o.s.w.s.m.m.a.HttpEntityMethodProcessor  : Writing [[]]
2025-07-27T13:16:40.335+03:00 DEBUG 172127 --- [http-nio-9221-exec-2] s.w.s.m.m.a.RequestMappingHandlerMapping : Mapped to com.hcl.appscan.customscannersservice.controller.CustomScannersController#runScanFile(MultipartFile, String, int[])
2025-07-27T13:16:40.336+03:00 DEBUG 172127 --- [http-nio-9221-exec-9] o.s.web.servlet.DispatcherServlet        : Completed 200 OK
2025-07-27T13:16:40.351+03:00 DEBUG 172127 --- [http-nio-9221-exec-2] .m.m.a.ExceptionHandlerExceptionResolver : Using @ExceptionHandler com.hcl.appscan.customscannersservice.controller.CustomScannersControllerAdvice#handleInvalidArgument(IllegalArgumentException)
2025-07-27T13:16:40.352+03:00 DEBUG 172127 --- [http-nio-9221-exec-2] o.s.w.s.m.m.a.HttpEntityMethodProcessor  : Using 'application/json', given [application/json, text/plain, */*] and supported [application/json, application/*+json]
2025-07-27T13:16:40.353+03:00 DEBUG 172127 --- [http-nio-9221-exec-2] o.s.w.s.m.m.a.HttpEntityMethodProcessor  : Writing [com.hcl.appscan.customscannersservice.controller.CustomScannersControllerAdvice$ErrorMessage@4c5127c (truncated)...]
2025-07-27T13:16:40.353+03:00 DEBUG 172127 --- [http-nio-9221-exec-2] .m.m.a.ExceptionHandlerExceptionResolver : Resolved [java.lang.IllegalArgumentException: The following file type is not supported: md]
2025-07-27T13:16:40.354+03:00 DEBUG 172127 --- [http-nio-9221-exec-2] o.s.web.servlet.DispatcherServlet        : Completed 422 UNPROCESSABLE_ENTITY
2025-07-27T13:20:22.406+03:00 DEBUG 172127 --- [http-nio-9221-exec-10] o.s.web.servlet.DispatcherServlet        : GET "/v1/ignore/ruleName", parameters={}
2025-07-27T13:20:22.406+03:00 DEBUG 172127 --- [http-nio-9221-exec-1] o.s.web.servlet.DispatcherServlet        : POST "/v1/scanFile", parameters={multipart}
2025-07-27T13:20:22.406+03:00 DEBUG 172127 --- [http-nio-9221-exec-10] s.w.s.m.m.a.RequestMappingHandlerMapping : Mapped to com.hcl.appscan.customscannersservice.controller.CustomScannersController#getRuleNameIgnoreRules()
2025-07-27T13:20:22.407+03:00 DEBUG 172127 --- [http-nio-9221-exec-10] o.s.w.s.m.m.a.HttpEntityMethodProcessor  : Using 'application/json', given [application/json, text/plain, */*] and supported [application/json]
2025-07-27T13:20:22.407+03:00 DEBUG 172127 --- [http-nio-9221-exec-10] o.s.w.s.m.m.a.HttpEntityMethodProcessor  : Writing [[]]
2025-07-27T13:20:22.408+03:00 DEBUG 172127 --- [http-nio-9221-exec-10] o.s.web.servlet.DispatcherServlet        : Completed 200 OK
2025-07-27T13:20:22.413+03:00 DEBUG 172127 --- [http-nio-9221-exec-1] s.w.s.m.m.a.RequestMappingHandlerMapping : Mapped to com.hcl.appscan.customscannersservice.controller.CustomScannersController#runScanFile(MultipartFile, String, int[])
2025-07-27T13:20:22.439+03:00 DEBUG 172127 --- [http-nio-9221-exec-1] .m.m.a.ExceptionHandlerExceptionResolver : Using @ExceptionHandler com.hcl.appscan.customscannersservice.controller.CustomScannersControllerAdvice#handleInvalidArgument(IllegalArgumentException)
2025-07-27T13:20:22.439+03:00 DEBUG 172127 --- [http-nio-9221-exec-1] o.s.w.s.m.m.a.HttpEntityMethodProcessor  : Using 'application/json', given [application/json, text/plain, */*] and supported [application/json, application/*+json]
2025-07-27T13:20:22.439+03:00 DEBUG 172127 --- [http-nio-9221-exec-1] o.s.w.s.m.m.a.HttpEntityMethodProcessor  : Writing [com.hcl.appscan.customscannersservice.controller.CustomScannersControllerAdvice$ErrorMessage@3982ff6 (truncated)...]
2025-07-27T13:20:22.441+03:00 DEBUG 172127 --- [http-nio-9221-exec-1] .m.m.a.ExceptionHandlerExceptionResolver : Resolved [java.lang.IllegalArgumentException: The following file type is not supported: md]
2025-07-27T13:20:22.442+03:00 DEBUG 172127 --- [http-nio-9221-exec-1] o.s.web.servlet.DispatcherServlet        : Completed 422 UNPROCESSABLE_ENTITY
